生成启动时间为 2016/6/8 16:25:12。
     1>项目“G:\git_上传位置\University-teaching-material-management-system\高校教材管理系统_MFC\oracle_homework5\oracle_homework5.vcxproj”在节点 2 上(Build 个目标)。
     1>ClCompile:
         D:\VS\VC\bin\x86_amd64\CL.exe /c /I"C:\Program Files\MySQL\MySQL Server 5.6\include" /Zi /nologo /W3 /WX- /sdl /Od /D WIN32 /D _WINDOWS /D _DEBUG /D _UNICODE /D UNICODE /D _AFXDLL /Gm /EHsc /RTC1 /MDd /GS /fp:precise /Zc:wchar_t /Zc:forScope /Yc"stdafx.h" /Fp"x64\Debug\oracle_homework5.pch" /Fo"x64\Debug\\" /Fd"x64\Debug\vc120.pdb" /Gd /TP /errorReport:prompt stdafx.cpp
         stdafx.cpp
         D:\VS\VC\bin\x86_amd64\CL.exe /c /I"C:\Program Files\MySQL\MySQL Server 5.6\include" /Zi /nologo /W3 /WX- /sdl /Od /D WIN32 /D _WINDOWS /D _DEBUG /D _UNICODE /D UNICODE /D _AFXDLL /Gm /EHsc /RTC1 /MDd /GS /fp:precise /Zc:wchar_t /Zc:forScope /Yu"stdafx.h" /Fp"x64\Debug\oracle_homework5.pch" /Fo"x64\Debug\\" /Fd"x64\Debug\vc120.pdb" /Gd /TP /errorReport:prompt AddBookShop.cpp add_book.cpp add_librarian.cpp add_order.cpp add_orderadmin.cpp add_press.cpp add_pressadmin.cpp add_teacher.cpp change_book.cpp change_book_start.cpp change_librarian.cpp change_librarianname.cpp change_librarianpassword.cpp change_librarian_start.cpp change_order.cpp change_orderadmin.cpp change_orderadminname.cpp change_orderadminpassword.cpp change_orderadmin_start.cpp change_order_start.cpp change_press.cpp change_pressadmin.cpp change_pressadmin_start.cpp change_pressname.cpp change_presspassword.cpp change_press_start.cpp change_sysname.cpp change_syspassword.cpp change_teacher.cpp change_teachername.cpp change_teacherpassword.cpp change_teacher_start.cpp check.cpp del_book.cpp del_librarian.cpp del_order.cpp del_orderadmin.cpp del_press.cpp del_pressadmin.cpp del_teacher.cpp librarian.cpp Login.cpp oracle_homework5.cpp oracle_homework5Dlg.cpp orderadmin.cpp pressadmin.cpp START.cpp teacher.cpp teacher_order_book.cpp
         teacher_order_book.cpp
         teacher.cpp
         START.cpp
         pressadmin.cpp
         orderadmin.cpp
         oracle_homework5Dlg.cpp
         oracle_homework5.cpp
         Login.cpp
         librarian.cpp
         del_teacher.cpp
         del_pressadmin.cpp
         del_press.cpp
         del_orderadmin.cpp
         del_order.cpp
         del_librarian.cpp
         del_book.cpp
         check.cpp
         change_teacher_start.cpp
         change_teacherpassword.cpp
         change_teachername.cpp
         正在生成代码...
     1>g:\git_上传位置\university-teaching-material-management-system\高校教材管理系统_mfc\oracle_homework5\change_teacher_start.cpp(57): warning C4715: “change_teacher_start::GetInfor”: 不是所有的控件路径都返回值
         正在编译...
         change_teacher.cpp
         change_syspassword.cpp
         change_sysname.cpp
         change_press_start.cpp
         change_presspassword.cpp
         change_pressname.cpp
         change_pressadmin_start.cpp
         change_pressadmin.cpp
         change_press.cpp
         change_order_start.cpp
         change_orderadmin_start.cpp
         change_orderadminpassword.cpp
         change_orderadminname.cpp
         change_orderadmin.cpp
         change_order.cpp
         change_librarian_start.cpp
         change_librarianpassword.cpp
         change_librarianname.cpp
         change_librarian.cpp
         change_book_start.cpp
         正在生成代码...
     1>g:\git_上传位置\university-teaching-material-management-system\高校教材管理系统_mfc\oracle_homework5\change_book_start.cpp(57): warning C4715: “change_book_start::GetInfor”: 不是所有的控件路径都返回值
     1>g:\git_上传位置\university-teaching-material-management-system\高校教材管理系统_mfc\oracle_homework5\change_librarian.cpp(236): warning C4715: “change_librarian::OnInitDialog”: 不是所有的控件路径都返回值
     1>g:\git_上传位置\university-teaching-material-management-system\高校教材管理系统_mfc\oracle_homework5\change_librarian_start.cpp(57): warning C4715: “change_librarian_start::GetInfor”: 不是所有的控件路径都返回值
     1>g:\git_上传位置\university-teaching-material-management-system\高校教材管理系统_mfc\oracle_homework5\change_order.cpp(357): warning C4715: “change_order::OnInitDialog”: 不是所有的控件路径都返回值
     1>g:\git_上传位置\university-teaching-material-management-system\高校教材管理系统_mfc\oracle_homework5\change_orderadmin.cpp(238): warning C4715: “change_orderadmin::OnInitDialog”: 不是所有的控件路径都返回值
     1>g:\git_上传位置\university-teaching-material-management-system\高校教材管理系统_mfc\oracle_homework5\change_orderadmin_start.cpp(46): warning C4715: “change_orderadmin_start::Getinfor”: 不是所有的控件路径都返回值
     1>g:\git_上传位置\university-teaching-material-management-system\高校教材管理系统_mfc\oracle_homework5\change_order_start.cpp(56): warning C4715: “change_order_start::GetInfor”: 不是所有的控件路径都返回值
     1>g:\git_上传位置\university-teaching-material-management-system\高校教材管理系统_mfc\oracle_homework5\change_pressadmin_start.cpp(57): warning C4715: “change_pressadmin_start::GetInfor”: 不是所有的控件路径都返回值
     1>g:\git_上传位置\university-teaching-material-management-system\高校教材管理系统_mfc\oracle_homework5\change_press_start.cpp(57): warning C4715: “change_press_start::GetInfor”: 不是所有的控件路径都返回值
         正在编译...
         change_book.cpp
         add_teacher.cpp
         add_pressadmin.cpp
         add_press.cpp
         add_orderadmin.cpp
         add_order.cpp
         add_librarian.cpp
         add_book.cpp
         AddBookShop.cpp
         正在生成代码...
     1>g:\git_上传位置\university-teaching-material-management-system\高校教材管理系统_mfc\oracle_homework5\change_book.cpp(323): warning C4715: “change_book::OnInitDialog”: 不是所有的控件路径都返回值
       ResourceCompile:
         C:\Program Files (x86)\Windows Kits\8.1\bin\x86\rc.exe /D _DEBUG /D _UNICODE /D UNICODE /D _AFXDLL /l"0x0804" /Ix64\Debug\ /nologo /fo"x64\Debug\oracle_homework5.res" oracle_homework5.rc 
       Link:
         D:\VS\VC\bin\x86_amd64\link.exe /ERRORREPORT:PROMPT /OUT:"G:\git_上传位置\University-teaching-material-management-system\高校教材管理系统_MFC\x64\Debug\oracle_homework5.exe" /INCREMENTAL /NOLOGO /MANIFEST /MANIFESTUAC:"level='asInvoker' uiAccess='false'" /manifest:embed /manifestinput:D:\VS\VC\Include\Manifest\dpiaware.manifest /DEBUG /PDB:"G:\git_上传位置\University-teaching-material-management-system\高校教材管理系统_MFC\x64\Debug\oracle_homework5.pdb" /SUBSYSTEM:WINDOWS /TLBID:1 /ENTRY:"wWinMainCRTStartup" /DYNAMICBASE /NXCOMPAT /IMPLIB:"G:\git_上传位置\University-teaching-material-management-system\高校教材管理系统_MFC\x64\Debug\oracle_homework5.lib" /MACHINE:X64 x64\Debug\oracle_homework5.res
         x64\Debug\AddBookShop.obj
         x64\Debug\add_book.obj
         x64\Debug\add_librarian.obj
         x64\Debug\add_order.obj
         x64\Debug\add_orderadmin.obj
         x64\Debug\add_press.obj
         x64\Debug\add_pressadmin.obj
         x64\Debug\add_teacher.obj
         x64\Debug\change_book.obj
         x64\Debug\change_book_start.obj
         x64\Debug\change_librarian.obj
         x64\Debug\change_librarianname.obj
         x64\Debug\change_librarianpassword.obj
         x64\Debug\change_librarian_start.obj
         x64\Debug\change_order.obj
         x64\Debug\change_orderadmin.obj
         x64\Debug\change_orderadminname.obj
         x64\Debug\change_orderadminpassword.obj
         x64\Debug\change_orderadmin_start.obj
         x64\Debug\change_order_start.obj
         x64\Debug\change_press.obj
         x64\Debug\change_pressadmin.obj
         x64\Debug\change_pressadmin_start.obj
         x64\Debug\change_pressname.obj
         x64\Debug\change_presspassword.obj
         x64\Debug\change_press_start.obj
         x64\Debug\change_sysname.obj
         x64\Debug\change_syspassword.obj
         x64\Debug\change_teacher.obj
         x64\Debug\change_teachername.obj
         x64\Debug\change_teacherpassword.obj
         x64\Debug\change_teacher_start.obj
         x64\Debug\check.obj
         x64\Debug\del_book.obj
         x64\Debug\del_librarian.obj
         x64\Debug\del_order.obj
         x64\Debug\del_orderadmin.obj
         x64\Debug\del_press.obj
         x64\Debug\del_pressadmin.obj
         x64\Debug\del_teacher.obj
         x64\Debug\librarian.obj
         x64\Debug\Login.obj
         x64\Debug\oracle_homework5.obj
         x64\Debug\oracle_homework5Dlg.obj
         x64\Debug\orderadmin.obj
         x64\Debug\pressadmin.obj
         x64\Debug\START.obj
         x64\Debug\stdafx.obj
         x64\Debug\teacher.obj
         x64\Debug\teacher_order_book.obj
         LINK : 没有找到 G:\git_上传位置\University-teaching-material-management-system\高校教材管理系统_MFC\x64\Debug\oracle_homework5.exe 或上一个增量链接没有生成它；正在执行完全链接
         oracle_homework5.vcxproj -> G:\git_上传位置\University-teaching-material-management-system\高校教材管理系统_MFC\x64\Debug\oracle_homework5.exe
     1>已完成生成项目“G:\git_上传位置\University-teaching-material-management-system\高校教材管理系统_MFC\oracle_homework5\oracle_homework5.vcxproj”(Build 个目标)的操作。

生成成功。

已用时间 00:00:31.87
