e:\vs_work_save\oracle_homework5\oracle_homework5\x64\debug\oracle_homework5.pch
e:\vs_work_save\oracle_homework5\oracle_homework5\x64\debug\vc120.pdb
e:\vs_work_save\oracle_homework5\oracle_homework5\x64\debug\vc120.idb
e:\vs_work_save\oracle_homework5\oracle_homework5\x64\debug\stdafx.obj
e:\vs_work_save\oracle_homework5\oracle_homework5\x64\debug\change_teacher.obj
e:\vs_work_save\oracle_homework5\oracle_homework5\x64\debug\change_teachername.obj
e:\vs_work_save\oracle_homework5\oracle_homework5\x64\debug\change_teacherpassword.obj
e:\vs_work_save\oracle_homework5\oracle_homework5\x64\debug\check.obj
e:\vs_work_save\oracle_homework5\oracle_homework5\x64\debug\del_book.obj
e:\vs_work_save\oracle_homework5\oracle_homework5\x64\debug\del_librarian.obj
e:\vs_work_save\oracle_homework5\oracle_homework5\x64\debug\del_order.obj
e:\vs_work_save\oracle_homework5\oracle_homework5\x64\debug\del_orderadmin.obj
e:\vs_work_save\oracle_homework5\oracle_homework5\x64\debug\del_press.obj
e:\vs_work_save\oracle_homework5\oracle_homework5\x64\debug\del_pressadmin.obj
e:\vs_work_save\oracle_homework5\oracle_homework5\x64\debug\del_teacher.obj
e:\vs_work_save\oracle_homework5\oracle_homework5\x64\debug\librarian.obj
e:\vs_work_save\oracle_homework5\oracle_homework5\x64\debug\login.obj
e:\vs_work_save\oracle_homework5\oracle_homework5\x64\debug\oracle_homework5.obj
e:\vs_work_save\oracle_homework5\oracle_homework5\x64\debug\oracle_homework5dlg.obj
e:\vs_work_save\oracle_homework5\oracle_homework5\x64\debug\orderadmin.obj
e:\vs_work_save\oracle_homework5\oracle_homework5\x64\debug\pressadmin.obj
e:\vs_work_save\oracle_homework5\oracle_homework5\x64\debug\start.obj
e:\vs_work_save\oracle_homework5\oracle_homework5\x64\debug\teacher.obj
e:\vs_work_save\oracle_homework5\oracle_homework5\x64\debug\teacher_order_book.obj
e:\vs_work_save\oracle_homework5\oracle_homework5\x64\debug\add_librarian.obj
e:\vs_work_save\oracle_homework5\oracle_homework5\x64\debug\add_order.obj
e:\vs_work_save\oracle_homework5\oracle_homework5\x64\debug\add_orderadmin.obj
e:\vs_work_save\oracle_homework5\oracle_homework5\x64\debug\add_press.obj
e:\vs_work_save\oracle_homework5\oracle_homework5\x64\debug\add_pressadmin.obj
e:\vs_work_save\oracle_homework5\oracle_homework5\x64\debug\add_teacher.obj
e:\vs_work_save\oracle_homework5\oracle_homework5\x64\debug\change_book.obj
e:\vs_work_save\oracle_homework5\oracle_homework5\x64\debug\change_librarian.obj
e:\vs_work_save\oracle_homework5\oracle_homework5\x64\debug\change_librarianname.obj
e:\vs_work_save\oracle_homework5\oracle_homework5\x64\debug\change_librarianpassword.obj
e:\vs_work_save\oracle_homework5\oracle_homework5\x64\debug\change_order.obj
e:\vs_work_save\oracle_homework5\oracle_homework5\x64\debug\change_orderadmin.obj
e:\vs_work_save\oracle_homework5\oracle_homework5\x64\debug\change_orderadminname.obj
e:\vs_work_save\oracle_homework5\oracle_homework5\x64\debug\change_orderadminpassword.obj
e:\vs_work_save\oracle_homework5\oracle_homework5\x64\debug\change_press.obj
e:\vs_work_save\oracle_homework5\oracle_homework5\x64\debug\change_pressadmin.obj
e:\vs_work_save\oracle_homework5\oracle_homework5\x64\debug\change_pressname.obj
e:\vs_work_save\oracle_homework5\oracle_homework5\x64\debug\change_presspassword.obj
e:\vs_work_save\oracle_homework5\oracle_homework5\x64\debug\change_sysname.obj
e:\vs_work_save\oracle_homework5\oracle_homework5\x64\debug\change_syspassword.obj
e:\vs_work_save\oracle_homework5\oracle_homework5\x64\debug\addbookshop.obj
e:\vs_work_save\oracle_homework5\oracle_homework5\x64\debug\add_book.obj
e:\vs_work_save\oracle_homework5\x64\debug\oracle_homework5.ilk
e:\vs_work_save\oracle_homework5\x64\debug\oracle_homework5.exe
e:\vs_work_save\oracle_homework5\x64\debug\oracle_homework5.pdb
e:\vs_work_save\oracle_homework5\oracle_homework5\x64\debug\oracle_homework5.res
e:\vs_work_save\oracle_homework5\oracle_homework5\x64\debug\oracle_homework5.tlog\cl.command.1.tlog
e:\vs_work_save\oracle_homework5\oracle_homework5\x64\debug\oracle_homework5.tlog\cl.read.1.tlog
e:\vs_work_save\oracle_homework5\oracle_homework5\x64\debug\oracle_homework5.tlog\cl.write.1.tlog
e:\vs_work_save\oracle_homework5\oracle_homework5\x64\debug\oracle_homework5.tlog\link.command.1.tlog
e:\vs_work_save\oracle_homework5\oracle_homework5\x64\debug\oracle_homework5.tlog\link.read.1.tlog
e:\vs_work_save\oracle_homework5\oracle_homework5\x64\debug\oracle_homework5.tlog\link.write.1.tlog
e:\vs_work_save\oracle_homework5\oracle_homework5\x64\debug\oracle_homework5.tlog\rc.command.1.tlog
e:\vs_work_save\oracle_homework5\oracle_homework5\x64\debug\oracle_homework5.tlog\rc.read.1.tlog
e:\vs_work_save\oracle_homework5\oracle_homework5\x64\debug\oracle_homework5.tlog\rc.write.1.tlog
